<?xml version="1.0" encoding="UTF-8"?>
<!-- Generated by org.testng.reporters.JUnitXMLReporter -->
<testsuite ignored="0" hostname="VIV-P22017" failures="0" tests="3" name="Test" time="9.529" errors="0" timestamp="2022-05-24T17:50:21 CEST">
  <testcase classname="com.example.jenkins.demo.SampleSeleniumTest" name="validateGoogleId" time="6.492"/>
  <testcase classname="com.example.jenkins.demo.JenkinsCalcTest" name="addTest" time="0.008"/>
  <testcase classname="com.example.jenkins.demo.JenkinsCalcTest" name="subtractTest" time="0.002"/>
</testsuite> <!-- Test -->
