<?xml version="1.0" encoding="UTF-8"?>
<testng-results ignored="0" total="3" passed="3" failed="0" skipped="0">
  <reporter-output>
  </reporter-output>
  <suite started-at="2022-05-24T17:50:11 CEST" name="Suite" finished-at="2022-05-24T17:50:21 CEST" duration-ms="9529">
    <groups>
    </groups>
    <test started-at="2022-05-24T17:50:11 CEST" name="Test" finished-at="2022-05-24T17:50:21 CEST" duration-ms="9529">
      <class name="com.example.jenkins.demo.JenkinsCalcTest">
        <test-method signature="addTest()[pri:0, instance:com.example.jenkins.demo.JenkinsCalcTest@72035809]" started-at="2022-05-24T17:50:21 CEST" name="addTest" finished-at="2022-05-24T17:50:21 CEST" duration-ms="8" status="PASS">
          <reporter-output>
          </reporter-output>
        </test-method> <!-- addTest -->
        <test-method signature="subtractTest()[pri:0, instance:com.example.jenkins.demo.JenkinsCalcTest@72035809]" started-at="2022-05-24T17:50:21 CEST" name="subtractTest" finished-at="2022-05-24T17:50:21 CEST" duration-ms="2" status="PASS">
          <reporter-output>
          </reporter-output>
        </test-method> <!-- subtractTest -->
      </class> <!-- com.example.jenkins.demo.JenkinsCalcTest -->
      <class name="com.example.jenkins.demo.SampleSeleniumTest">
        <test-method is-config="true" signature="startBrowser()[pri:0, instance:com.example.jenkins.demo.SampleSeleniumTest@d737b89]" started-at="2022-05-24T17:50:11 CEST" name="startBrowser" finished-at="2022-05-24T17:50:13 CEST" duration-ms="2299" status="PASS">
          <reporter-output>
          </reporter-output>
        </test-method> <!-- startBrowser -->
        <test-method signature="validateGoogleId()[pri:0, instance:com.example.jenkins.demo.SampleSeleniumTest@d737b89]" started-at="2022-05-24T17:50:13 CEST" name="validateGoogleId" finished-at="2022-05-24T17:50:20 CEST" duration-ms="6492" status="PASS">
          <reporter-output>
          </reporter-output>
        </test-method> <!-- validateGoogleId -->
        <test-method is-config="true" signature="closeBrowser()[pri:0, instance:com.example.jenkins.demo.SampleSeleniumTest@d737b89]" started-at="2022-05-24T17:50:20 CEST" name="closeBrowser" finished-at="2022-05-24T17:50:21 CEST" duration-ms="685" status="PASS">
          <reporter-output>
          </reporter-output>
        </test-method> <!-- closeBrowser -->
      </class> <!-- com.example.jenkins.demo.SampleSeleniumTest -->
    </test> <!-- Test -->
  </suite> <!-- Suite -->
</testng-results>
